\BOOKMARK [0][-]{chapter*.2}{\376\377\000L\000i\000s\000t\000\040\000o\000f\000\040\000F\000i\000g\000u\000r\000e\000s}{}% 1
\BOOKMARK [0][-]{chapter*.3}{\376\377\000L\000i\000s\000t\000\040\000o\000f\000\040\000T\000a\000b\000l\000e\000s}{}% 2
\BOOKMARK [0][-]{chapter.1}{\376\377\000I\000n\000t\000r\000o\000d\000u\000c\000t\000i\000o\000n}{}% 3
\BOOKMARK [0][-]{chapter.2}{\376\377\000L\000i\000t\000e\000r\000a\000t\000u\000r\000e\000\040\000R\000e\000v\000i\000e\000w}{}% 4
\BOOKMARK [1][-]{section.2.1}{\376\377\000I\000n\000t\000r\000o\000d\000u\000c\000t\000i\000o\000n}{chapter.2}% 5
\BOOKMARK [2][-]{subsection.2.1.1}{\376\377\000O\000v\000e\000r\000v\000i\000e\000w}{section.2.1}% 6
\BOOKMARK [2][-]{subsection.2.1.2}{\376\377\000M\000e\000s\000h\000\040\000n\000e\000t\000w\000o\000r\000k}{section.2.1}% 7
\BOOKMARK [1][-]{section.2.2}{\376\377\000H\000a\000r\000d\000w\000a\000r\000e\000\040\000C\000o\000n\000s\000i\000d\000e\000r\000a\000t\000i\000o\000n}{chapter.2}% 8
\BOOKMARK [2][-]{subsection.2.2.1}{\376\377\000S\000e\000n\000s\000o\000r\000\040\000c\000o\000n\000s\000i\000d\000e\000r\000a\000t\000i\000o\000n\000s}{section.2.2}% 9
\BOOKMARK [2][-]{subsection.2.2.2}{\376\377\000A\000D\000C\000\040\000C\000o\000n\000s\000i\000d\000e\000r\000a\000t\000i\000o\000n\000s}{section.2.2}% 10
\BOOKMARK [2][-]{subsection.2.2.3}{\376\377\000C\000a\000m\000e\000r\000a}{section.2.2}% 11
\BOOKMARK [2][-]{subsection.2.2.4}{\376\377\000M\000e\000m\000o\000r\000y\000\040\000m\000o\000d\000u\000l\000e}{section.2.2}% 12
\BOOKMARK [2][-]{subsection.2.2.5}{\376\377\000B\000a\000t\000t\000e\000r\000y}{section.2.2}% 13
\BOOKMARK [2][-]{subsection.2.2.6}{\376\377\000A\000r\000d\000u\000i\000n\000o\000\040\000v\000s\000\040\000P\000I\000\040\000C\000o\000n\000s\000i\000d\000e\000r\000a\000t\000i\000o\000n\000\040}{section.2.2}% 14
\BOOKMARK [2][-]{subsection.2.2.7}{\376\377\000C\000o\000n\000c\000l\000u\000s\000i\000o\000n}{section.2.2}% 15
\BOOKMARK [1][-]{section.2.3}{\376\377\000S\000o\000f\000t\000w\000a\000r\000e\000\040\000c\000o\000n\000s\000i\000d\000e\000r\000a\000t\000i\000o\000n\000s}{chapter.2}% 16
\BOOKMARK [2][-]{subsection.2.3.1}{\376\377\000S\000e\000n\000s\000o\000r\000\040\000c\000o\000d\000e}{section.2.3}% 17
\BOOKMARK [2][-]{subsection.2.3.2}{\376\377\000M\000C\000P\0003\0000\0000\0008}{section.2.3}% 18
\BOOKMARK [2][-]{subsection.2.3.3}{\376\377\000K\000u\000m\000a\000n\000\040\000f\000o\000r\000\040\000R\000a\000s\000p\000b\000e\000r\000r\000y\000\040\000P\000i\000\040\0003\000B\000+\000\040\000T\000F\000T\000\040\000L\000C\000D\000\040\000D\000i\000s\000p\000l\000a\000y}{section.2.3}% 19
\BOOKMARK [2][-]{subsection.2.3.4}{\376\377\000R\000a\000s\000p\000b\000e\000r\000r\000y\000\040\000P\000i\000\040\000V\000R\000\040\0002\0002\0000\000\040\000C\000a\000m\000e\000r\000a}{section.2.3}% 20
\BOOKMARK [2][-]{subsection.2.3.5}{\376\377\000M\000M\0002\000\040\000S\000e\000r\000i\000e\000s\000\040\0009\0000\0000\000\040\000M\000H\000z}{section.2.3}% 21
\BOOKMARK [2][-]{subsection.2.3.6}{\376\377\000c\000o\000d\000e\000\040\000s\000t\000r\000u\000c\000t\000u\000r\000e}{section.2.3}% 22
\BOOKMARK [2][-]{subsection.2.3.7}{\376\377\000F\000i\000l\000e\000\040\000s\000t\000r\000u\000c\000t\000u\000r\000e}{section.2.3}% 23
\BOOKMARK [2][-]{subsection.2.3.8}{\376\377\000C\000o\000n\000c\000l\000u\000s\000i\000o\000n}{section.2.3}% 24
\BOOKMARK [1][-]{section.2.4}{\376\377\000A\000t\000t\000e\000n\000u\000a\000t\000i\000o\000n}{chapter.2}% 25
\BOOKMARK [2][-]{subsection.2.4.1}{\376\377\000A\000b\000s\000o\000r\000p\000t\000i\000o\000n\000\040\000o\000f\000\040\000w\000a\000t\000e\000r}{section.2.4}% 26
\BOOKMARK [1][-]{section.2.5}{\376\377\000m\000e\000s\000h\000\040\000n\000e\000t\000w\000o\000r\000k\000\040\000c\000o\000n\000s\000i\000d\000e\000r\000a\000t\000i\000o\000n\000s}{chapter.2}% 27
\BOOKMARK [1][-]{section.2.6}{\376\377\000R\000e\000v\000i\000e\000w\000\040\000k\000e\000y\000\040\000o\000f\000\040\000r\000e\000s\000e\000a\000r\000c\000h\000\040\000P\000a\000p\000e\000r\000s}{chapter.2}% 28
\BOOKMARK [1][-]{section.2.7}{\376\377\000S\000u\000m\000m\000a\000r\000y}{chapter.2}% 29
\BOOKMARK [0][-]{chapter.3}{\376\377\000M\000e\000t\000h\000o\000d\000o\000l\000o\000g\000y}{}% 30
\BOOKMARK [1][-]{section.3.1}{\376\377\000M\000e\000t\000h\000o\000d\000o\000l\000o\000g\000y}{chapter.3}% 31
\BOOKMARK [2][-]{subsection.3.1.1}{\376\377\000I\000n\000t\000r\000o\000d\000u\000c\000t\000i\000o\000n}{section.3.1}% 32
\BOOKMARK [2][-]{subsection.3.1.2}{\376\377\000R\000e\000s\000e\000a\000r\000c\000h\000\040\000P\000h\000i\000l\000o\000s\000o\000p\000h\000y}{section.3.1}% 33
\BOOKMARK [2][-]{subsection.3.1.3}{\376\377\000R\000e\000s\000e\000a\000r\000c\000h\000\040\000A\000p\000p\000r\000o\000a\000c\000h}{section.3.1}% 34
\BOOKMARK [2][-]{subsection.3.1.4}{\376\377\000R\000e\000s\000e\000a\000r\000c\000h\000\040\000D\000e\000s\000i\000g\000n}{section.3.1}% 35
\BOOKMARK [2][-]{subsection.3.1.5}{\376\377\000D\000a\000t\000a\000\040\000C\000o\000l\000l\000e\000c\000t\000i\000o\000n\000\040\000M\000e\000t\000h\000o\000d\000s}{section.3.1}% 36
\BOOKMARK [2][-]{subsection.3.1.6}{\376\377\000M\000o\000d\000e\000l\000\040\000D\000e\000v\000e\000l\000o\000p\000m\000e\000n\000t}{section.3.1}% 37
\BOOKMARK [2][-]{subsection.3.1.7}{\376\377\000D\000a\000t\000a\000\040\000A\000n\000a\000l\000y\000s\000i\000s\000\040\000M\000e\000t\000h\000o\000d\000s}{section.3.1}% 38
\BOOKMARK [2][-]{subsection.3.1.8}{\376\377\000E\000t\000h\000i\000c\000a\000l\000\040\000C\000o\000n\000s\000i\000d\000e\000r\000a\000t\000i\000o\000n\000s}{section.3.1}% 39
\BOOKMARK [2][-]{subsection.3.1.9}{\376\377\000V\000a\000l\000i\000d\000i\000t\000y\000\040\000a\000n\000d\000\040\000R\000e\000l\000i\000a\000b\000i\000l\000i\000t\000y}{section.3.1}% 40
\BOOKMARK [2][-]{subsection.3.1.10}{\376\377\000L\000i\000m\000i\000t\000a\000t\000i\000o\000n\000s\000\040\000a\000n\000d\000\040\000D\000e\000l\000i\000m\000i\000t\000a\000t\000i\000o\000n\000s}{section.3.1}% 41
\BOOKMARK [2][-]{subsection.3.1.11}{\376\377\000T\000i\000m\000e\000l\000i\000n\000e}{section.3.1}% 42
\BOOKMARK [0][-]{chapter.4}{\376\377\000R\000e\000s\000u\000l\000t\000s}{}% 43
\BOOKMARK [0][-]{chapter.5}{\376\377\000D\000i\000s\000c\000u\000s\000s\000i\000o\000n}{}% 44
\BOOKMARK [0][-]{chapter.6}{\376\377\000C\000o\000n\000c\000l\000u\000s\000i\000o\000n\000\040\000\046\000\040\000F\000u\000t\000u\000r\000e\000\040\000W\000o\000r\000k\000\040}{}% 45
\BOOKMARK [0][-]{chapter.6}{\376\377\000B\000i\000b\000l\000i\000o\000g\000r\000a\000p\000h\000y}{}% 46
\BOOKMARK [0][-]{appendix.A}{\376\377\000A\000p\000p\000e\000n\000d\000i\000x\000\040\000A}{}% 47
\BOOKMARK [0][-]{appendix.B}{\376\377\000P\000y\000t\000h\000o\000n\000\040\000S\000c\000r\000i\000p\000t\000s}{}% 48
\BOOKMARK [0][-]{appendix.C}{\376\377\000B\000a\000s\000h\000\040\000s\000c\000r\000i\000p\000t\000s}{}% 49
