This is pdfTeX, Version 3.141592653-2.6-1.40.25 (MiKTeX 23.10.12) (preloaded format=pdflatex 2023.12.1)  23 JAN 2024 13:02
entering extended mode
 restricted \write18 enabled.
 file:line:error style messages enabled.
 %&-line parsing enabled.
**c:/Users/User/OneDrive/Documents/latexfyp/main.tex
(c:/Users/User/OneDrive/Documents/latexfyp/main.tex
LaTeX2e <2023-11-01>
L3 programming layer <2023-11-09>
(C:\Users\User\AppData\Local\Programs\MiKTeX\tex/latex/base\report.cls
Document Class: report 2023/05/17 v1.4n Standard LaTeX document class
(C:\Users\User\AppData\Local\Programs\MiKTeX\tex/latex/base\size11.clo
File: size11.clo 2023/05/17 v1.4n Standard LaTeX file (size option)
)
\c@part=\count186
\c@chapter=\count187
\c@section=\count188
\c@subsection=\count189
\c@subsubsection=\count190
\c@paragraph=\count191
\c@subparagraph=\count192
\c@figure=\count193
\c@table=\count194
\abovecaptionskip=\skip48
\belowcaptionskip=\skip49
\bibindent=\dimen140
) (C:\Users\User\AppData\Local\Programs\MiKTeX\tex/latex/geometry\geometry.sty
Package: geometry 2020/01/02 v5.9 Page Geometry
 (C:\Users\User\AppData\Local\Programs\MiKTeX\tex/latex/graphics\keyval.sty
Package: keyval 2022/05/29 v1.15 key=value parser (DPC)
\KV@toks@=\toks17
) (C:\Users\User\AppData\Local\Programs\MiKTeX\tex/generic/iftex\ifvtex.sty
Package: ifvtex 2019/10/25 v1.7 ifvtex legacy package. Use iftex instead.
 (C:\Users\User\AppData\Local\Programs\MiKTeX\tex/generic/iftex\iftex.sty
Package: iftex 2022/02/03 v1.0f TeX engine tests
))
\Gm@cnth=\count195
\Gm@cntv=\count196
\c@Gm@tempcnt=\count197
\Gm@bindingoffset=\dimen141
\Gm@wd@mp=\dimen142
\Gm@odd@mp=\dimen143
\Gm@even@mp=\dimen144
\Gm@layoutwidth=\dimen145
\Gm@layoutheight=\dimen146
\Gm@layouthoffset=\dimen147
\Gm@layoutvoffset=\dimen148
\Gm@dimlist=\toks18
 (C:\Users\User\AppData\Local\Programs\MiKTeX\tex/latex/geometry\geometry.cfg)) (C:\Users\User\AppData\Local\Programs\MiKTeX\tex/latex/caption\subcaption.sty
Package: subcaption 2023/07/28 v1.6b Sub-captions (AR)
 (C:\Users\User\AppData\Local\Programs\MiKTeX\tex/latex/caption\caption.sty
Package: caption 2023/08/05 v3.6o Customizing captions (AR)
 (C:\Users\User\AppData\Local\Programs\MiKTeX\tex/latex/caption\caption3.sty
Package: caption3 2023/07/31 v2.4d caption3 kernel (AR)
\caption@tempdima=\dimen149
\captionmargin=\dimen150
\caption@leftmargin=\dimen151
\caption@rightmargin=\dimen152
\caption@width=\dimen153
\caption@indent=\dimen154
\caption@parindent=\dimen155
\caption@hangindent=\dimen156
Package caption Info: Standard document class detected.
)
\c@caption@flags=\count198
\c@continuedfloat=\count199
)
Package caption Info: New subtype `subfigure' on input line 238.
\c@subfigure=\count266
Package caption Info: New subtype `subtable' on input line 238.
\c@subtable=\count267
) (C:\Users\User\AppData\Local\Programs\MiKTeX\tex/latex/xcolor\xcolor.sty
Package: xcolor 2023/11/15 v3.01 LaTeX color extensions (UK)
 (C:\Users\User\AppData\Local\Programs\MiKTeX\tex/latex/graphics-cfg\color.cfg
File: color.cfg 2016/01/02 v1.6 sample color configuration
)
Package xcolor Info: Driver file: pdftex.def on input line 274.
 (C:\Users\User\AppData\Local\Programs\MiKTeX\tex/latex/graphics-def\pdftex.def
File: pdftex.def 2022/09/22 v1.2b Graphics/color driver for pdftex
) (C:\Users\User\AppData\Local\Programs\MiKTeX\tex/latex/graphics\mathcolor.ltx)
Package xcolor Info: Model `cmy' substituted by `cmy0' on input line 1350.
Package xcolor Info: Model `hsb' substituted by `rgb' on input line 1354.
Package xcolor Info: Model `RGB' extended on input line 1366.
Package xcolor Info: Model `HTML' substituted by `rgb' on input line 1368.
Package xcolor Info: Model `Hsb' substituted by `hsb' on input line 1369.
Package xcolor Info: Model `tHsb' substituted by `hsb' on input line 1370.
Package xcolor Info: Model `HSB' substituted by `hsb' on input line 1371.
Package xcolor Info: Model `Gray' substituted by `gray' on input line 1372.
Package xcolor Info: Model `wave' substituted by `hsb' on input line 1373.
) (C:\Users\User\AppData\Local\Programs\MiKTeX\tex/latex/colortbl\colortbl.sty
Package: colortbl 2022/06/20 v1.0f Color table columns (DPC)
 (C:\Users\User\AppData\Local\Programs\MiKTeX\tex/latex/tools\array.sty
Package: array 2023/10/16 v2.5g Tabular extension package (FMi)
\col@sep=\dimen157
\ar@mcellbox=\box51
\extrarowheight=\dimen158
\NC@list=\toks19
\extratabsurround=\skip50
\backup@length=\skip51
\ar@cellbox=\box52
)
\everycr=\toks20
\minrowclearance=\skip52
\rownum=\count268
) (C:\Users\User\AppData\Local\Programs\MiKTeX\tex/latex/setspace\setspace.sty
Package: setspace 2022/12/04 v6.7b set line spacing
) (C:\Users\User\AppData\Local\Programs\MiKTeX\tex/latex/amsmath\amsmath.sty
Package: amsmath 2023/05/13 v2.17o AMS math features
\@mathmargin=\skip53

For additional information on amsmath, use the `?' option.
(C:\Users\User\AppData\Local\Programs\MiKTeX\tex/latex/amsmath\amstext.sty
Package: amstext 2021/08/26 v2.01 AMS text
 (C:\Users\User\AppData\Local\Programs\MiKTeX\tex/latex/amsmath\amsgen.sty
File: amsgen.sty 1999/11/30 v2.0 generic functions
\@emptytoks=\toks21
\ex@=\dimen159
)) (C:\Users\User\AppData\Local\Programs\MiKTeX\tex/latex/amsmath\amsbsy.sty
Package: amsbsy 1999/11/29 v1.2d Bold Symbols
\pmbraise@=\dimen160
) (C:\Users\User\AppData\Local\Programs\MiKTeX\tex/latex/amsmath\amsopn.sty
Package: amsopn 2022/04/08 v2.04 operator names
)
\inf@bad=\count269
LaTeX Info: Redefining \frac on input line 234.
\uproot@=\count270
\leftroot@=\count271
LaTeX Info: Redefining \overline on input line 399.
LaTeX Info: Redefining \colon on input line 410.
\classnum@=\count272
\DOTSCASE@=\count273
LaTeX Info: Redefining \ldots on input line 496.
LaTeX Info: Redefining \dots on input line 499.
LaTeX Info: Redefining \cdots on input line 620.
\Mathstrutbox@=\box53
\strutbox@=\box54
LaTeX Info: Redefining \big on input line 722.
LaTeX Info: Redefining \Big on input line 723.
LaTeX Info: Redefining \bigg on input line 724.
LaTeX Info: Redefining \Bigg on input line 725.
\big@size=\dimen161
LaTeX Font Info:    Redeclaring font encoding OML on input line 743.
LaTeX Font Info:    Redeclaring font encoding OMS on input line 744.
\macc@depth=\count274
LaTeX Info: Redefining \bmod on input line 905.
LaTeX Info: Redefining \pmod on input line 910.
LaTeX Info: Redefining \smash on input line 940.
LaTeX Info: Redefining \relbar on input line 970.
LaTeX Info: Redefining \Relbar on input line 971.
\c@MaxMatrixCols=\count275
\dotsspace@=\muskip16
\c@parentequation=\count276
\dspbrk@lvl=\count277
\tag@help=\toks22
\row@=\count278
\column@=\count279
\maxfields@=\count280
\andhelp@=\toks23
\eqnshift@=\dimen162
\alignsep@=\dimen163
\tagshift@=\dimen164
\tagwidth@=\dimen165
\totwidth@=\dimen166
\lineht@=\dimen167
\@envbody=\toks24
\multlinegap=\skip54
\multlinetaggap=\skip55
\mathdisplay@stack=\toks25
LaTeX Info: Redefining \[ on input line 2953.
LaTeX Info: Redefining \] on input line 2954.
) (C:\Users\User\AppData\Local\Programs\MiKTeX\tex/latex/hyperref\hyperref.sty
Package: hyperref 2023-11-09 v7.01f Hypertext links for LaTeX
 (C:\Users\User\AppData\Local\Programs\MiKTeX\tex/generic/ltxcmds\ltxcmds.sty
Package: ltxcmds 2020-05-10 v1.25 LaTeX kernel commands for general use (HO)
) (C:\Users\User\AppData\Local\Programs\MiKTeX\tex/generic/pdftexcmds\pdftexcmds.sty
Package: pdftexcmds 2020-06-27 v0.33 Utility functions of pdfTeX for LuaTeX (HO)
 (C:\Users\User\AppData\Local\Programs\MiKTeX\tex/generic/infwarerr\infwarerr.sty
Package: infwarerr 2019/12/03 v1.5 Providing info/warning/error messages (HO)
)
Package pdftexcmds Info: \pdf@primitive is available.
Package pdftexcmds Info: \pdf@ifprimitive is available.
Package pdftexcmds Info: \pdfdraftmode found.
) (C:\Users\User\AppData\Local\Programs\MiKTeX\tex/latex/kvsetkeys\kvsetkeys.sty
Package: kvsetkeys 2022-10-05 v1.19 Key value parser (HO)
) (C:\Users\User\AppData\Local\Programs\MiKTeX\tex/generic/kvdefinekeys\kvdefinekeys.sty
Package: kvdefinekeys 2019-12-19 v1.6 Define keys (HO)
) (C:\Users\User\AppData\Local\Programs\MiKTeX\tex/generic/pdfescape\pdfescape.sty
Package: pdfescape 2019/12/09 v1.15 Implements pdfTeX's escape features (HO)
) (C:\Users\User\AppData\Local\Programs\MiKTeX\tex/latex/hycolor\hycolor.sty
Package: hycolor 2020-01-27 v1.10 Color options for hyperref/bookmark (HO)
) (C:\Users\User\AppData\Local\Programs\MiKTeX\tex/latex/letltxmacro\letltxmacro.sty
Package: letltxmacro 2019/12/03 v1.6 Let assignment for LaTeX macros (HO)
) (C:\Users\User\AppData\Local\Programs\MiKTeX\tex/latex/auxhook\auxhook.sty
Package: auxhook 2019-12-17 v1.6 Hooks for auxiliary files (HO)
) (C:\Users\User\AppData\Local\Programs\MiKTeX\tex/latex/hyperref\nameref.sty
Package: nameref 2023-11-09 v2.55 Cross-referencing by name of section
 (C:\Users\User\AppData\Local\Programs\MiKTeX\tex/latex/refcount\refcount.sty
Package: refcount 2019/12/15 v3.6 Data extraction from label references (HO)
) (C:\Users\User\AppData\Local\Programs\MiKTeX\tex/generic/gettitlestring\gettitlestring.sty
Package: gettitlestring 2019/12/15 v1.6 Cleanup title references (HO)
 (C:\Users\User\AppData\Local\Programs\MiKTeX\tex/latex/kvoptions\kvoptions.sty
Package: kvoptions 2022-06-15 v3.15 Key value format for package options (HO)
))
\c@section@level=\count281
) (C:\Users\User\AppData\Local\Programs\MiKTeX\tex/latex/etoolbox\etoolbox.sty
Package: etoolbox 2020/10/05 v2.5k e-TeX tools for LaTeX (JAW)
\etb@tempcnta=\count282
)
\@linkdim=\dimen168
\Hy@linkcounter=\count283
\Hy@pagecounter=\count284
 (C:\Users\User\AppData\Local\Programs\MiKTeX\tex/latex/hyperref\pd1enc.def
File: pd1enc.def 2023-11-09 v7.01f Hyperref: PDFDocEncoding definition (HO)
Now handling font encoding PD1 ...
... no UTF-8 mapping file for font encoding PD1
) (C:\Users\User\AppData\Local\Programs\MiKTeX\tex/generic/intcalc\intcalc.sty
Package: intcalc 2019/12/15 v1.3 Expandable calculations with integers (HO)
)
\Hy@SavedSpaceFactor=\count285
 (C:\Users\User\AppData\Local\Programs\MiKTeX\tex/latex/hyperref\puenc.def
File: puenc.def 2023-11-09 v7.01f Hyperref: PDF Unicode definition (HO)
Now handling font encoding PU ...
... no UTF-8 mapping file for font encoding PU
)
Package hyperref Info: Hyper figures OFF on input line 4171.
Package hyperref Info: Link nesting OFF on input line 4176.
Package hyperref Info: Hyper index ON on input line 4179.
Package hyperref Info: Plain pages OFF on input line 4186.
Package hyperref Info: Backreferencing OFF on input line 4191.
Package hyperref Info: Implicit mode ON; LaTeX internals redefined.
Package hyperref Info: Bookmarks ON on input line 4438.
\c@Hy@tempcnt=\count286
 (C:\Users\User\AppData\Local\Programs\MiKTeX\tex/latex/url\url.sty
\Urlmuskip=\muskip17
Package: url 2013/09/16  ver 3.4  Verb mode for urls, etc.
)
LaTeX Info: Redefining \url on input line 4776.
\XeTeXLinkMargin=\dimen169
 (C:\Users\User\AppData\Local\Programs\MiKTeX\tex/generic/bitset\bitset.sty
Package: bitset 2019/12/09 v1.3 Handle bit-vector datatype (HO)
 (C:\Users\User\AppData\Local\Programs\MiKTeX\tex/generic/bigintcalc\bigintcalc.sty
Package: bigintcalc 2019/12/15 v1.5 Expandable calculations on big integers (HO)
))
\Fld@menulength=\count287
\Field@Width=\dimen170
\Fld@charsize=\dimen171
Package hyperref Info: Hyper figures OFF on input line 6055.
Package hyperref Info: Link nesting OFF on input line 6060.
Package hyperref Info: Hyper index ON on input line 6063.
Package hyperref Info: backreferencing OFF on input line 6070.
Package hyperref Info: Link coloring OFF on input line 6075.
Package hyperref Info: Link coloring with OCG OFF on input line 6080.
Package hyperref Info: PDF/A mode OFF on input line 6085.
 (C:\Users\User\AppData\Local\Programs\MiKTeX\tex/latex/base\atbegshi-ltx.sty
Package: atbegshi-ltx 2021/01/10 v1.0c Emulation of the original atbegshi
package with kernel methods
)
\Hy@abspage=\count288
\c@Item=\count289
\c@Hfootnote=\count290
)
Package hyperref Info: Driver (autodetected): hpdftex.
 (C:\Users\User\AppData\Local\Programs\MiKTeX\tex/latex/hyperref\hpdftex.def
File: hpdftex.def 2023-11-09 v7.01f Hyperref driver for pdfTeX
 (C:\Users\User\AppData\Local\Programs\MiKTeX\tex/latex/base\atveryend-ltx.sty
Package: atveryend-ltx 2020/08/19 v1.0a Emulation of the original atveryend package
with kernel methods
)
\Fld@listcount=\count291
\c@bookmark@seq@number=\count292
 (C:\Users\User\AppData\Local\Programs\MiKTeX\tex/latex/rerunfilecheck\rerunfilecheck.sty
Package: rerunfilecheck 2022-07-10 v1.10 Rerun checks for auxiliary files (HO)
 (C:\Users\User\AppData\Local\Programs\MiKTeX\tex/generic/uniquecounter\uniquecounter.sty
Package: uniquecounter 2019/12/15 v1.4 Provide unlimited unique counter (HO)
)
Package uniquecounter Info: New unique counter `rerunfilecheck' on input line 285.
)
\Hy@SectionHShift=\skip56
) (C:\Users\User\AppData\Local\Programs\MiKTeX\tex/latex/natbib\natbib.sty
Package: natbib 2010/09/13 8.31b (PWD, AO)
\bibhang=\skip57
\bibsep=\skip58
LaTeX Info: Redefining \cite on input line 694.
\c@NAT@ctr=\count293
) (C:\Users\User\AppData\Local\Programs\MiKTeX\tex/latex/tools\multicol.sty
Package: multicol 2023/03/30 v1.9f multicolumn formatting (FMi)
\c@tracingmulticols=\count294
\mult@box=\box55
\multicol@leftmargin=\dimen172
\c@unbalance=\count295
\c@collectmore=\count296
\doublecol@number=\count297
\multicoltolerance=\count298
\multicolpretolerance=\count299
\full@width=\dimen173
\page@free=\dimen174
\premulticols=\dimen175
\postmulticols=\dimen176
\multicolsep=\skip59
\multicolbaselineskip=\skip60
\partial@page=\box56
\last@line=\box57
\mc@boxedresult=\box58
\maxbalancingoverflow=\dimen177
\mult@rightbox=\box59
\mult@grightbox=\box60
\mult@firstbox=\box61
\mult@gfirstbox=\box62
\@tempa=\box63
\@tempa=\box64
\@tempa=\box65
\@tempa=\box66
\@tempa=\box67
\@tempa=\box68
\@tempa=\box69
\@tempa=\box70
\@tempa=\box71
\@tempa=\box72
\@tempa=\box73
\@tempa=\box74
\@tempa=\box75
\@tempa=\box76
\@tempa=\box77
\@tempa=\box78
\@tempa=\box79
\@tempa=\box80
\@tempa=\box81
\@tempa=\box82
\@tempa=\box83
\@tempa=\box84
\@tempa=\box85
\@tempa=\box86
\@tempa=\box87
\@tempa=\box88
\@tempa=\box89
\@tempa=\box90
\@tempa=\box91
\@tempa=\box92
\@tempa=\box93
\@tempa=\box94
\@tempa=\box95
\@tempa=\box96
\@tempa=\box97
\@tempa=\box98
\c@minrows=\count300
\c@columnbadness=\count301
\c@finalcolumnbadness=\count302
\last@try=\dimen178
\multicolovershoot=\dimen179
\multicolundershoot=\dimen180
\mult@nat@firstbox=\box99
\colbreak@box=\box100
\mc@col@check@num=\count303
) (C:\Users\User\AppData\Local\Programs\MiKTeX\tex/latex/placeins\placeins.sty
Package: placeins 2005/04/18  v 2.2
) (C:\Users\User\AppData\Local\Programs\MiKTeX\tex/latex/base\makeidx.sty
Package: makeidx 2021/10/04 v1.0m Standard LaTeX package
) (C:\Users\User\AppData\Local\Programs\MiKTeX\tex/latex/gensymb\gensymb.sty
Package: gensymb 2022/10/17 v1.0.2 (KJH)
) (C:\Users\User\AppData\Local\Programs\MiKTeX\tex/latex/float\float.sty
Package: float 2001/11/08 v1.3d Float enhancements (AL)
\c@float@type=\count304
\float@exts=\toks26
\float@box=\box101
\@float@everytoks=\toks27
\@floatcapt=\box102
) (C:\Users\User\AppData\Local\Programs\MiKTeX\tex/generic/babel\babel.sty
Package: babel 2023/11/11 v3.97 The Babel package
\babel@savecnt=\count305
\U@D=\dimen181
\l@unhyphenated=\language79
 (C:\Users\User\AppData\Local\Programs\MiKTeX\tex/generic/babel\txtbabel.def)
\bbl@readstream=\read2
\bbl@dirlevel=\count306

*************************************
* Local config file bblopts.cfg used
*
(C:\Users\User\AppData\Local\Programs\MiKTeX\tex/latex/arabi\bblopts.cfg
File: bblopts.cfg 2005/09/08 v0.1 add Arabic and Farsi to "declared" options of babel
) (C:\Users\User\AppData\Local\Programs\MiKTeX\tex/latex/babel-english\english.ldf
Language: english 2017/06/06 v3.3r English support from the babel system
Package babel Info: Hyphen rules for 'canadian' set to \l@english
(babel)             (\language0). Reported on input line 102.
Package babel Info: Hyphen rules for 'australian' set to \l@ukenglish
(babel)             (\language73). Reported on input line 105.
Package babel Info: Hyphen rules for 'newzealand' set to \l@ukenglish
(babel)             (\language73). Reported on input line 108.
)) (C:\Users\User\AppData\Local\Programs\MiKTeX\tex/generic/babel/locale/en\babel-english.tex
Package babel Info: Importing font and identification data for english
(babel)             from babel-en.ini. Reported on input line 11.
) (C:\Users\User\AppData\Local\Programs\MiKTeX\tex/latex/tocbibind\tocbibind.sty
Package: tocbibind 2010/10/13 v1.5k extra ToC listings
Package tocbibind Info: The document has chapter divisions on input line 50.


Package tocbibind Note: Using chapter style headings, unless overridden.

) (C:\Users\User\AppData\Local\Programs\MiKTeX\tex/latex/tools\tabularx.sty
Package: tabularx 2023/07/08 v2.11c `tabularx' package (DPC)
\TX@col@width=\dimen182
\TX@old@table=\dimen183
\TX@old@col=\dimen184
\TX@target=\dimen185
\TX@delta=\dimen186
\TX@cols=\count307
\TX@ftn=\toks28
) (C:\Users\User\AppData\Local\Programs\MiKTeX\tex/latex/tools\verbatim.sty
Package: verbatim 2023-11-06 v1.5v LaTeX2e package for verbatim enhancements
\every@verbatim=\toks29
\verbatim@line=\toks30
\verbatim@in@stream=\read3
) (C:\Users\User\AppData\Local\Programs\MiKTeX\tex/latex/graphics\graphicx.sty
Package: graphicx 2021/09/16 v1.2d Enhanced LaTeX Graphics (DPC,SPQR)
 (C:\Users\User\AppData\Local\Programs\MiKTeX\tex/latex/graphics\graphics.sty
Package: graphics 2022/03/10 v1.4e Standard LaTeX Graphics (DPC,SPQR)
 (C:\Users\User\AppData\Local\Programs\MiKTeX\tex/latex/graphics\trig.sty
Package: trig 2021/08/11 v1.11 sin cos tan (DPC)
) (C:\Users\User\AppData\Local\Programs\MiKTeX\tex/latex/graphics-cfg\graphics.cfg
File: graphics.cfg 2016/06/04 v1.11 sample graphics configuration
)
Package graphics Info: Driver file: pdftex.def on input line 107.
)
\Gin@req@height=\dimen187
\Gin@req@width=\dimen188
) (C:\Users\User\AppData\Local\Programs\MiKTeX\tex/latex/base\textcomp.sty
Package: textcomp 2020/02/02 v2.0n Standard LaTeX package
) (C:\Users\User\AppData\Local\Programs\MiKTeX\tex/latex/listings\listings.sty
\lst@mode=\count308
\lst@gtempboxa=\box103
\lst@token=\toks31
\lst@length=\count309
\lst@currlwidth=\dimen189
\lst@column=\count310
\lst@pos=\count311
\lst@lostspace=\dimen190
\lst@width=\dimen191
\lst@newlines=\count312
\lst@lineno=\count313
\lst@maxwidth=\dimen192
 (C:\Users\User\AppData\Local\Programs\MiKTeX\tex/latex/listings\lstmisc.sty
File: lstmisc.sty 2023/02/27 1.9 (Carsten Heinz)
\c@lstnumber=\count314
\lst@skipnumbers=\count315
\lst@framebox=\box104
) (C:\Users\User\AppData\Local\Programs\MiKTeX\tex/latex/listings\listings.cfg
File: listings.cfg 2023/02/27 1.9 listings configuration
))
Package: listings 2023/02/27 1.9 (Carsten Heinz)
 (C:\Users\User\AppData\Local\Programs\MiKTeX\tex/latex/lipsum\lipsum.sty (C:\Users\User\AppData\Local\Programs\MiKTeX\tex/latex/l3packages/l3keys2e\l3keys2e.sty (C:\Users\User\AppData\Local\Programs\MiKTeX\tex/latex/l3kernel\expl3.sty
Package: expl3 2023-11-09 L3 programming layer (loader) 
 (C:\Users\User\AppData\Local\Programs\MiKTeX\tex/latex/l3backend\l3backend-pdftex.def
File: l3backend-pdftex.def 2023-11-09 L3 backend support: PDF output (pdfTeX)
\l__color_backend_stack_int=\count316
\l__pdf_internal_box=\box105
))
Package: l3keys2e 2023-10-10 LaTeX2e option processing using LaTeX3 keys
)
Package: lipsum 2021-09-20 v2.7 150 paragraphs of Lorem Ipsum dummy text
\g__lipsum_par_int=\count317
\l__lipsum_a_int=\count318
\l__lipsum_b_int=\count319
 (C:\Users\User\AppData\Local\Programs\MiKTeX\tex/latex/lipsum\lipsum.ltd.tex)) (main.aux)
\openout1 = `main.aux'.

LaTeX Font Info:    Checking defaults for OML/cmm/m/it on input line 52.
LaTeX Font Info:    ... okay on input line 52.
LaTeX Font Info:    Checking defaults for OMS/cmsy/m/n on input line 52.
LaTeX Font Info:    ... okay on input line 52.
LaTeX Font Info:    Checking defaults for OT1/cmr/m/n on input line 52.
LaTeX Font Info:    ... okay on input line 52.
LaTeX Font Info:    Checking defaults for T1/cmr/m/n on input line 52.
LaTeX Font Info:    ... okay on input line 52.
LaTeX Font Info:    Checking defaults for TS1/cmr/m/n on input line 52.
LaTeX Font Info:    ... okay on input line 52.
LaTeX Font Info:    Checking defaults for OMX/cmex/m/n on input line 52.
LaTeX Font Info:    ... okay on input line 52.
LaTeX Font Info:    Checking defaults for U/cmr/m/n on input line 52.
LaTeX Font Info:    ... okay on input line 52.
LaTeX Font Info:    Checking defaults for PD1/pdf/m/n on input line 52.
LaTeX Font Info:    ... okay on input line 52.
LaTeX Font Info:    Checking defaults for PU/pdf/m/n on input line 52.
LaTeX Font Info:    ... okay on input line 52.

*geometry* driver: auto-detecting
*geometry* detected driver: pdftex
*geometry* verbose mode - [ preamble ] result:
* driver: pdftex
* paper: a4paper
* layout: <same size as paper>
* layoutoffset:(h,v)=(0.0pt,0.0pt)
* modes: 
* h-part:(L,W,R)=(72.26999pt, 452.9679pt, 72.26999pt)
* v-part:(T,H,B)=(72.26999pt, 700.50687pt, 72.26999pt)
* \paperwidth=597.50787pt
* \paperheight=845.04684pt
* \textwidth=452.9679pt
* \textheight=700.50687pt
* \oddsidemargin=0.0pt
* \evensidemargin=0.0pt
* \topmargin=-37.0pt
* \headheight=12.0pt
* \headsep=25.0pt
* \topskip=11.0pt
* \footskip=30.0pt
* \marginparwidth=59.0pt
* \marginparsep=10.0pt
* \columnsep=10.0pt
* \skip\footins=10.0pt plus 4.0pt minus 2.0pt
* \hoffset=0.0pt
* \voffset=0.0pt
* \mag=1000
* \@twocolumnfalse
* \@twosidefalse
* \@mparswitchfalse
* \@reversemarginfalse
* (1in=72.27pt=25.4mm, 1cm=28.453pt)

Package caption Info: Begin \AtBeginDocument code.
Package caption Info: float package is loaded.
Package caption Info: hyperref package is loaded.
Package caption Info: listings package is loaded.
Package caption Info: End \AtBeginDocument code.
(C:\Users\User\AppData\Local\Programs\MiKTeX\tex/context/base/mkii\supp-pdf.mkii
[Loading MPS to PDF converter (version 2006.09.02).]
\scratchcounter=\count320
\scratchdimen=\dimen193
\scratchbox=\box106
\nofMPsegments=\count321
\nofMParguments=\count322
\everyMPshowfont=\toks32
\MPscratchCnt=\count323
\MPscratchDim=\dimen194
\MPnumerator=\count324
\makeMPintoPDFobject=\count325
\everyMPtoPDFconversion=\toks33
) (C:\Users\User\AppData\Local\Programs\MiKTeX\tex/latex/epstopdf-pkg\epstopdf-base.sty
Package: epstopdf-base 2020-01-24 v2.11 Base part for package epstopdf
Package epstopdf-base Info: Redefining graphics rule for `.eps' on input line 485.
 (C:\Users\User\AppData\Local\Programs\MiKTeX\tex/latex/00miktex\epstopdf-sys.cfg
File: epstopdf-sys.cfg 2021/03/18 v2.0 Configuration of epstopdf for MiKTeX
))
Package hyperref Info: Link coloring OFF on input line 52.
\@outlinefile=\write3
\openout3 = `main.out'.

\symgns@font=\mathgroup4
LaTeX Font Info:    Overwriting symbol font `gns@font' in version `bold'
(Font)                  TS1/cmr/m/n --> TS1/cmr/b/n on input line 52.
Package gensymb Info: Math companion symbols declared on input line 52.
LaTeX Info: Redefining \degree on input line 52.
LaTeX Info: Redefining \celsius on input line 52.
Package gensymb Info: Using text companion symbols for \degree, \celsius and \perthousand on input line 52.
LaTeX Info: Redefining \ohm on input line 52.
Package gensymb Info: Using \textohm for \ohm on input line 52.
Package gensymb Info: Using \textmu for \micro on input line 52.
\c@lstlisting=\count326
 (Chapters/cover.tex
<Images/SETU_Ireland_logo.png, id=3, 211.79124pt x 118.4425pt>
File: Images/SETU_Ireland_logo.png Graphic file (type png)
<use Images/SETU_Ireland_logo.png>
Package pdftex.def Info: Images/SETU_Ireland_logo.png  used on input line 12.
(pdftex.def)             Requested size: 220.0pt x 123.03812pt.
) [1

{C:/Users/User/AppData/Local/MiKTeX/fonts/map/pdftex/pdftex.map} <./Images/SETU_Ireland_logo.png>]
No file main.toc.
\tf@toc=\write4
\openout4 = `main.toc'.

[2

]
No file main.lof.
\tf@lof=\write5
\openout5 = `main.lof'.

[3

]
No file main.lot.
\tf@lot=\write6
\openout6 = `main.lot'.

[4

] (main.lol)
\tf@lol=\write7
\openout7 = `main.lol'.

 [5

]
pdfTeX warning (ext4): destination with the same identifier (name{page.1}) has been already used, duplicate ignored
<to be read again> 
                   \relax 
l.63 \end{abstract}
                    [1]
Chapter 1.

pdfTeX warning (ext4): destination with the same identifier (name{page.1}) has been already used, duplicate ignored
<to be read again> 
                   \relax 
l.73 \chapter
             {Literature Review} [1

]
Chapter 2.
(Chapters/Literature_Review.tex (Chapters/liteature_review_chapters/Introduction.tex

Package natbib Warning: Citation `ITU' on page 2 undefined on input line 11.


pdfTeX warning (ext4): destination with the same identifier (name{page.2}) has been already used, duplicate ignored
<to be read again> 
                   \relax 
l.23 			\end{itemize}
                      [2

]
pdfTeX warning (ext4): destination with the same identifier (name{page.3}) has been already used, duplicate ignored
<to be read again> 
                   \relax 
l.40 	\newpage
               [3]
<Images/basic mesh network diagram.png, id=77, 695.59875pt x 442.65375pt>
File: Images/basic mesh network diagram.png Graphic file (type png)
<use Images/basic mesh network diagram.png>
Package pdftex.def Info: Images/basic mesh network diagram.png  used on input line 56.
(pdftex.def)             Requested size: 226.48395pt x 144.12418pt.
) (Chapters/liteature_review_chapters/hardwareconsiderations.tex
pdfTeX warning (ext4): destination with the same identifier (name{page.4}) has been already used, duplicate ignored
<to be read again> 
                   \relax 
l.7 \newpage
             [4 <./Images/basic mesh network diagram.png>]
<Images/block_diagram_for_mesh_device.png, id=91, 580.1675pt x 532.99126pt>
File: Images/block_diagram_for_mesh_device.png Graphic file (type png)
<use Images/block_diagram_for_mesh_device.png>
Package pdftex.def Info: Images/block_diagram_for_mesh_device.png  used on input line 11.
(pdftex.def)             Requested size: 226.48395pt x 208.06908pt.


Package natbib Warning: Citation `Eirrean' on page 5 undefined on input line 34.


LaTeX Warning: `!h' float specifier changed to `!ht'.


Package natbib Warning: Citation `eirrean2' on page 5 undefined on input line 80.

Chapters/liteature_review_chapters/hardwareconsiderations.tex:86: Misplaced \noalign.
\hline ->\noalign 
                  {\ifnum 0=`}\fi \let \hskip \vskip \let \vrule \hrule \let...
l.86 		\hline
             
I expect to see \noalign only after the \cr of
an alignment. Proceed, and I'll ignore this case.

Chapters/liteature_review_chapters/hardwareconsiderations.tex:86: You can't use `\hrule' here except with leaders.
\vline ->\vrule 
                \@width \arrayrulewidth 
l.86 		\hline
             
To put a horizontal rule in an hbox or an alignment,
you should use \leaders or \hrulefill (see The TeXbook).

Chapters/liteature_review_chapters/hardwareconsiderations.tex:86: Missing number, treated as zero.
<to be read again> 
                   }
l.86 		\hline
             
A number should have been here; I inserted `0'.
(If you can't figure out why I needed to see a number,
look up `weird error' in the index to The TeXbook.)

Chapters/liteature_review_chapters/hardwareconsiderations.tex:86: Illegal unit of measure (pt inserted).
<to be read again> 
                   }
l.86 		\hline
             
Dimensions can be in units of em, ex, in, pt, pc,
cm, mm, dd, cc, nd, nc, bp, or sp; but yours is a new one!
I'll assume that you meant to say pt, for printer's points.
To recover gracefully from this error, it's best to
delete the erroneous units; e.g., type `2' to delete
two letters. (See Chapter 27 of The TeXbook.)

Chapters/liteature_review_chapters/hardwareconsiderations.tex:87: Extra alignment tab has been changed to \cr.
<template> ... width\arrayrulewidth }\endtemplate 
                                                  
l.87 		Mean at 0900UTC &
                        87.0 &86.4&84.0&79.5&76.9&76.7&78.5&81.0&83.4&85.5&8...
You have given more \span or & marks than there were
in the preamble to the \halign or \valign now in progress.
So I'll assume that you meant to type \cr instead.

Chapters/liteature_review_chapters/hardwareconsiderations.tex:88: Extra alignment tab has been changed to \cr.
<template> ... width\arrayrulewidth }\endtemplate 
                                                  
l.88 		Mean at 1500UTC &80.6&
                             75.7&71.0&68.3&68.0&68.3&69.0&69.3&71.5&75.1&80...
You have given more \span or & marks than there were
in the preamble to the \halign or \valign now in progress.
So I'll assume that you meant to type \cr instead.


Overfull \hbox (213.84338pt too wide) in paragraph at lines 83--90
[][] 
 []


LaTeX Warning: `!h' float specifier changed to `!ht'.


LaTeX Warning: `!h' float specifier changed to `!ht'.

<Images/tempssenorscompared.png, id=92, 703.62875pt x 414.54875pt>
File: Images/tempssenorscompared.png Graphic file (type png)
<use Images/tempssenorscompared.png>
Package pdftex.def Info: Images/tempssenorscompared.png  used on input line 97.
(pdftex.def)             Requested size: 226.48395pt x 133.43001pt.

LaTeX Warning: `!h' float specifier changed to `!ht'.


pdfTeX warning (ext4): destination with the same identifier (name{page.5}) has been already used, duplicate ignored
<to be read again> 
                   \relax 
l.120 
       [5 <./Images/block_diagram_for_mesh_device.png>]

LaTeX Warning: Text page 6 contains only floats.

[6 <./Images/tempssenorscompared.png>]
<Images/InterfaceforDHT22.png, id=116, 414.79968pt x 306.39468pt>
File: Images/InterfaceforDHT22.png Graphic file (type png)
<use Images/InterfaceforDHT22.png>
Package pdftex.def Info: Images/InterfaceforDHT22.png  used on input line 124.
(pdftex.def)             Requested size: 181.18439pt x 133.83228pt.
<Images/schematicforDHT22.png, id=117, 581.92406pt x 394.47375pt>
File: Images/schematicforDHT22.png Graphic file (type png)
<use Images/schematicforDHT22.png>
Package pdftex.def Info: Images/schematicforDHT22.png  used on input line 130.
(pdftex.def)             Requested size: 181.18439pt x 122.81528pt.


Package natbib Warning: Citation `sparkfun' on page 7 undefined on input line 142.

[7 <./Images/InterfaceforDHT22.png> <./Images/schematicforDHT22.png>]

Package natbib Warning: Citation `wiki_2023' on page 8 undefined on input line 153.


Overfull \hbox (43.04414pt too wide) in paragraph at lines 178--189
 [][] 
 []

[8]

Package natbib Warning: Citation `DFR0026' on page 9 undefined on input line 193.

<Images/InterfaceofDFR0026.png, id=138, 371.13657pt x 275.52937pt>
File: Images/InterfaceofDFR0026.png Graphic file (type png)
<use Images/InterfaceofDFR0026.png>
Package pdftex.def Info: Images/InterfaceofDFR0026.png  used on input line 196.
(pdftex.def)             Requested size: 226.48395pt x 168.14413pt.

LaTeX Warning: Reference `Adc section' on page 9 undefined on input line 208.


Package natbib Warning: Citation `micros' on page 9 undefined on input line 233.

[9 <./Images/InterfaceofDFR0026.png>]
<Images/interfaceofAS312.png, id=154, 357.335pt x 216.81pt>
File: Images/interfaceofAS312.png Graphic file (type png)
<use Images/interfaceofAS312.png>
Package pdftex.def Info: Images/interfaceofAS312.png  used on input line 239.
(pdftex.def)             Requested size: 226.48395pt x 137.41808pt.

Chapters/liteature_review_chapters/hardwareconsiderations.tex:256: Missing $ inserted.
<inserted text> 
                $
l.256 	\item A Delay of 15 \mu
                               Seconds
I've inserted a begin-math/end-math symbol since I think
you left one out. Proceed, with fingers crossed.


Chapters/liteature_review_chapters/hardwareconsiderations.tex:257: LaTeX Error: Command \end{enumerate} invalid in math mode.

See the LaTeX manual or LaTeX Companion for explanation.
Type  H <return>  for immediate help.
 ...                                              
                                                  
l.257 \end{enumerate}
                     
Try typing  <return>  to proceed.
If that doesn't work, type  X <return>  to quit.


Chapters/liteature_review_chapters/hardwareconsiderations.tex:257: LaTeX Error: Something's wrong--perhaps a missing \item.

See the LaTeX manual or LaTeX Companion for explanation.
Type  H <return>  for immediate help.
 ...                                              
                                                  
l.257 \end{enumerate}
                     
Try typing  <return>  to proceed.
If that doesn't work, type  X <return>  to quit.


Chapters/liteature_review_chapters/hardwareconsiderations.tex:257: LaTeX Error: Something's wrong--perhaps a missing \item.

See the LaTeX manual or LaTeX Companion for explanation.
Type  H <return>  for immediate help.
 ...                                              
                                                  
l.257 \end{enumerate}
                     
Try typing  <return>  to proceed.
If that doesn't work, type  X <return>  to quit.

Chapters/liteature_review_chapters/hardwareconsiderations.tex:257: Missing $ inserted.
<inserted text> 
                $
l.257 \end{enumerate}
                     
I've inserted something that you may have forgotten.
(See the <inserted text> above.)
With luck, this will get me unwedged. But if you
really didn't forget anything, try typing `2' now; then
my insertion and my current dilemma will both disappear.

<Images/radiomoudles.png, id=155, 554.07pt x 218.31563pt>
File: Images/radiomoudles.png Graphic file (type png)
<use Images/radiomoudles.png>
Package pdftex.def Info: Images/radiomoudles.png  used on input line 271.
(pdftex.def)             Requested size: 226.48395pt x 89.24014pt.

LaTeX Warning: `!h' float specifier changed to `!ht'.


Package natbib Warning: Citation `freewave' on page 10 undefined on input line 278.

[10 <./Images/interfaceofAS312.png>]

Package natbib Warning: Citation `ada' on page 11 undefined on input line 304.

<Images/SchematicforMCP300.png, id=170, 574.39594pt x 378.66469pt>
File: Images/SchematicforMCP300.png Graphic file (type png)
<use Images/SchematicforMCP300.png>
Package pdftex.def Info: Images/SchematicforMCP300.png  used on input line 307.
(pdftex.def)             Requested size: 226.48395pt x 149.30801pt.
[11 <./Images/radiomoudles.png> <./Images/SchematicforMCP300.png>]
Chapters/liteature_review_chapters/hardwareconsiderations.tex:326: Missing $ inserted.
<inserted text> 
                $
l.326 ...200ksps meaning the delay to read is 5\mu
                                                   seconds
I've inserted a begin-math/end-math symbol since I think
you left one out. Proceed, with fingers crossed.


Chapters/liteature_review_chapters/hardwareconsiderations.tex:327: LaTeX Error: Command \end{enumerate} invalid in math mode.

See the LaTeX manual or LaTeX Companion for explanation.
Type  H <return>  for immediate help.
 ...                                              
                                                  
l.327 \end{enumerate}
                     
Try typing  <return>  to proceed.
If that doesn't work, type  X <return>  to quit.


Chapters/liteature_review_chapters/hardwareconsiderations.tex:327: LaTeX Error: Something's wrong--perhaps a missing \item.

See the LaTeX manual or LaTeX Companion for explanation.
Type  H <return>  for immediate help.
 ...                                              
                                                  
l.327 \end{enumerate}
                     
Try typing  <return>  to proceed.
If that doesn't work, type  X <return>  to quit.


Chapters/liteature_review_chapters/hardwareconsiderations.tex:327: LaTeX Error: Something's wrong--perhaps a missing \item.

See the LaTeX manual or LaTeX Companion for explanation.
Type  H <return>  for immediate help.
 ...                                              
                                                  
l.327 \end{enumerate}
                     
Try typing  <return>  to proceed.
If that doesn't work, type  X <return>  to quit.

Chapters/liteature_review_chapters/hardwareconsiderations.tex:327: Missing $ inserted.
<inserted text> 
                $
l.327 \end{enumerate}
                     
I've inserted something that you may have forgotten.
(See the <inserted text> above.)
With luck, this will get me unwedged. But if you
really didn't forget anything, try typing `2' now; then
my insertion and my current dilemma will both disappear.


Overfull \hbox (63.0235pt too wide) in paragraph at lines 347--348
 [][] 
 []


Package natbib Warning: Citation `RS' on page 12 undefined on input line 351.

<Images/memory_devices.png, id=189, 1017.8025pt x 62.48344pt>
File: Images/memory_devices.png Graphic file (type png)
<use Images/memory_devices.png>
Package pdftex.def Info: Images/memory_devices.png  used on input line 368.
(pdftex.def)             Requested size: 362.37569pt x 22.24612pt.

LaTeX Warning: `!h' float specifier changed to `!ht'.

[12]
Overfull \hbox (84.0234pt too wide) in paragraph at lines 413--430
 [][] 
 []


LaTeX Warning: `!h' float specifier changed to `!ht'.

[13 <./Images/memory_devices.png>]

LaTeX Warning: Reference `Compareing DHT22 and DHT11' on page 14 undefined on input line 445.


LaTeX Warning: Reference `table of light sensors' on page 14 undefined on input line 445.


LaTeX Warning: Reference `Motion sensor components' on page 14 undefined on input line 445.


Chapters/liteature_review_chapters/hardwareconsiderations.tex:461: Package array Error:  Illegal pream-token (1): `c' used.

See the array package documentation for explanation.
Type  H <return>  for immediate help.
 ...                                              
                                                  
l.461 \end{tabular}}
                    
Try typing  <return>  to proceed.
If that doesn't work, type  X <return>  to quit.


Overfull \hbox (125.07396pt too wide) in paragraph at lines 461--462
[][] 
 []

[14]) (Chapters/liteature_review_chapters/Software_considerations.tex

LaTeX Warning: Reference `Sychematic for DHT22 revised' on page 15 undefined on input line 26.

[15] [16] (C:\Users\User\AppData\Local\Programs\MiKTeX\tex/latex/listings\lstlang1.sty
File: lstlang1.sty 2023/02/27 1.9 listings language file
)
Chapters/liteature_review_chapters/Software_considerations.tex:42: Missing = inserted for \ifnum.
<to be read again> 
                   k
l.42 ...e=mystyle,caption={Example code for DHT2}]
                                                  
I was expecting to see `<', `=', or `>'. Didn't.

Chapters/liteature_review_chapters/Software_considerations.tex:42: Missing number, treated as zero.
<to be read again> 
                   k
l.42 ...e=mystyle,caption={Example code for DHT2}]
                                                  
A number should have been here; I inserted `0'.
(If you can't figure out why I needed to see a number,
look up `weird error' in the index to The TeXbook.)


Chapters/liteature_review_chapters/Software_considerations.tex:42: Package Listings Error: Strict positive integer expected.

See the Listings package documentation for explanation.
Type  H <return>  for immediate help.
 ...                                              
                                                  
l.42 ...e=mystyle,caption={Example code for DHT2}]
                                                  
You can't use `4 keywordstyle' as tabsize. Try typing  <return>  to proceed.
If that doesn't work, type  X <return>  to quit.

Package hyperref Info: bookmark level for unknown lstlisting defaults to 0 on input line 42.
[17]
Chapters/liteature_review_chapters/Software_considerations.tex:67: Missing = inserted for \ifnum.
<to be read again> 
                   k
l.67 ...=mystyle,caption={Example code for AS312}]
                                                  
I was expecting to see `<', `=', or `>'. Didn't.

Chapters/liteature_review_chapters/Software_considerations.tex:67: Missing number, treated as zero.
<to be read again> 
                   k
l.67 ...=mystyle,caption={Example code for AS312}]
                                                  
A number should have been here; I inserted `0'.
(If you can't figure out why I needed to see a number,
look up `weird error' in the index to The TeXbook.)


Chapters/liteature_review_chapters/Software_considerations.tex:67: Package Listings Error: Strict positive integer expected.

See the Listings package documentation for explanation.
Type  H <return>  for immediate help.
 ...                                              
                                                  
l.67 ...=mystyle,caption={Example code for AS312}]
                                                  
You can't use `4 keywordstyle' as tabsize. Try typing  <return>  to proceed.
If that doesn't work, type  X <return>  to quit.


LaTeX Warning: Reference `adc code' on page 18 undefined on input line 88.

Chapters/liteature_review_chapters/Software_considerations.tex:101: Missing = inserted for \ifnum.
<to be read again> 
                   k
l.101 ...isting}[style=mystyle,caption={ADC code}]
                                                  
I was expecting to see `<', `=', or `>'. Didn't.

Chapters/liteature_review_chapters/Software_considerations.tex:101: Missing number, treated as zero.
<to be read again> 
                   k
l.101 ...isting}[style=mystyle,caption={ADC code}]
                                                  
A number should have been here; I inserted `0'.
(If you can't figure out why I needed to see a number,
look up `weird error' in the index to The TeXbook.)


Chapters/liteature_review_chapters/Software_considerations.tex:101: Package Listings Error: Strict positive integer expected.

See the Listings package documentation for explanation.
Type  H <return>  for immediate help.
 ...                                              
                                                  
l.101 ...isting}[style=mystyle,caption={ADC code}]
                                                  
You can't use `4 keywordstyle' as tabsize. Try typing  <return>  to proceed.
If that doesn't work, type  X <return>  to quit.

[18]
Chapters/liteature_review_chapters/Software_considerations.tex:116: Missing = inserted for \ifnum.
<to be read again> 
                   k
l.116 ...,caption={example code for LCD display }]
                                                  
I was expecting to see `<', `=', or `>'. Didn't.

Chapters/liteature_review_chapters/Software_considerations.tex:116: Missing number, treated as zero.
<to be read again> 
                   k
l.116 ...,caption={example code for LCD display }]
                                                  
A number should have been here; I inserted `0'.
(If you can't figure out why I needed to see a number,
look up `weird error' in the index to The TeXbook.)


Chapters/liteature_review_chapters/Software_considerations.tex:116: Package Listings Error: Strict positive integer expected.

See the Listings package documentation for explanation.
Type  H <return>  for immediate help.
 ...                                              
                                                  
l.116 ...,caption={example code for LCD display }]
                                                  
You can't use `4 keywordstyle' as tabsize. Try typing  <return>  to proceed.
If that doesn't work, type  X <return>  to quit.

Chapters/liteature_review_chapters/Software_considerations.tex:139: Missing = inserted for \ifnum.
<to be read again> 
                   k
l.139 ...ystyle,caption={example code for camera}]
                                                  
I was expecting to see `<', `=', or `>'. Didn't.

Chapters/liteature_review_chapters/Software_considerations.tex:139: Missing number, treated as zero.
<to be read again> 
                   k
l.139 ...ystyle,caption={example code for camera}]
                                                  
A number should have been here; I inserted `0'.
(If you can't figure out why I needed to see a number,
look up `weird error' in the index to The TeXbook.)


Chapters/liteature_review_chapters/Software_considerations.tex:139: Package Listings Error: Strict positive integer expected.

See the Listings package documentation for explanation.
Type  H <return>  for immediate help.
 ...                                              
                                                  
l.139 ...ystyle,caption={example code for camera}]
                                                  
You can't use `4 keywordstyle' as tabsize. Try typing  <return>  to proceed.
If that doesn't work, type  X <return>  to quit.

[19]
Chapters/liteature_review_chapters/Software_considerations.tex:183: Missing = inserted for \ifnum.
<to be read again> 
                   k
l.183 ...ode for turning sensor data into a data}]
                                                  
I was expecting to see `<', `=', or `>'. Didn't.

Chapters/liteature_review_chapters/Software_considerations.tex:183: Missing number, treated as zero.
<to be read again> 
                   k
l.183 ...ode for turning sensor data into a data}]
                                                  
A number should have been here; I inserted `0'.
(If you can't figure out why I needed to see a number,
look up `weird error' in the index to The TeXbook.)


Chapters/liteature_review_chapters/Software_considerations.tex:183: Package Listings Error: Strict positive integer expected.

See the Listings package documentation for explanation.
Type  H <return>  for immediate help.
 ...                                              
                                                  
l.183 ...ode for turning sensor data into a data}]
                                                  
You can't use `4 keywordstyle' as tabsize. Try typing  <return>  to proceed.
If that doesn't work, type  X <return>  to quit.

[20]
Chapters/liteature_review_chapters/Software_considerations.tex:204: Missing = inserted for \ifnum.
<to be read again> 
                   k
l.204 ...ion={example code for storing directory}]
                                                  
I was expecting to see `<', `=', or `>'. Didn't.

Chapters/liteature_review_chapters/Software_considerations.tex:204: Missing number, treated as zero.
<to be read again> 
                   k
l.204 ...ion={example code for storing directory}]
                                                  
A number should have been here; I inserted `0'.
(If you can't figure out why I needed to see a number,
look up `weird error' in the index to The TeXbook.)


Chapters/liteature_review_chapters/Software_considerations.tex:204: Package Listings Error: Strict positive integer expected.

See the Listings package documentation for explanation.
Type  H <return>  for immediate help.
 ...                                              
                                                  
l.204 ...ion={example code for storing directory}]
                                                  
You can't use `4 keywordstyle' as tabsize. Try typing  <return>  to proceed.
If that doesn't work, type  X <return>  to quit.

[21]) (Chapters/liteature_review_chapters/Atteunuation.tex [22]

Package natbib Warning: Citation `Savage' on page 23 undefined on input line 19.

<Images/Silver_Maple.png, id=418, 432.61626pt x 342.27875pt>
File: Images/Silver_Maple.png Graphic file (type png)
<use Images/Silver_Maple.png>
Package pdftex.def Info: Images/Silver_Maple.png  used on input line 22.
(pdftex.def)             Requested size: 226.48395pt x 179.19241pt.

Package natbib Warning: Citation `ITU' on page 23 undefined on input line 28.

<Images/ITU attteuntion.png, id=419, 703.62875pt x 529.98pt>
File: Images/ITU attteuntion.png Graphic file (type png)
<use Images/ITU attteuntion.png>
Package pdftex.def Info: Images/ITU attteuntion.png  used on input line 35.
(pdftex.def)             Requested size: 226.48395pt x 170.58365pt.
[23 <./Images/Silver_Maple.png> <./Images/ITU attteuntion.png>]

Package natbib Warning: Citation `Sabetahd_Mousavi_Ghasemi_Vafaei_Poursorkhabi_Mohammadzadeh_Zandi_2022' on page 24 undefined on input line 54.

<Images/atteuntion_2.png, id=435, 794.97pt x 262.73157pt>
File: Images/atteuntion_2.png Graphic file (type png)
<use Images/atteuntion_2.png>
Package pdftex.def Info: Images/atteuntion_2.png  used on input line 59.
(pdftex.def)             Requested size: 452.9679pt x 149.70642pt.

Package natbib Warning: Citation `lunken' on page 24 undefined on input line 66.

<Images/absorstion.png, id=436, 243.91125pt x 306.14375pt>
File: Images/absorstion.png Graphic file (type png)
<use Images/absorstion.png>
Package pdftex.def Info: Images/absorstion.png  used on input line 70.
(pdftex.def)             Requested size: 226.48395pt x 284.27162pt.
) [24 <./Images/atteuntion_2.png> <./Images/absorstion.png>] (Chapters/liteature_review_chapters/Mesh_network_considerations.tex

Package natbib Warning: Citation `chen' on page 25 undefined on input line 12.


Package natbib Warning: Citation `Gavra_Pop_Dobra_2023' on page 25 undefined on input line 14.


Overfull \hbox (106.3597pt too wide) in paragraph at lines 20--33
 [][] 
 []

)

Package natbib Warning: Citation `zhao' on page 25 undefined on input line 28.

[25]

Package natbib Warning: Citation `Daniel' on page 26 undefined on input line 33.


Package natbib Warning: Citation `Anna' on page 26 undefined on input line 39.


Package natbib Warning: Citation `ITU' on page 26 undefined on input line 45.

) [26]
Chapter 3.
(Chapters/Methodology.tex [27

]

Package natbib Warning: Citation `sparkfun' on page 28 undefined on input line 50.

[28]

LaTeX Warning: Reference `folderstructure' on page 29 undefined on input line 61.

Chapters/Methodology.tex:63: Missing = inserted for \ifnum.
<to be read again> 
                   k
l.63 ...mystyle,caption={sample test intial code}]
                                                  
I was expecting to see `<', `=', or `>'. Didn't.

Chapters/Methodology.tex:63: Missing number, treated as zero.
<to be read again> 
                   k
l.63 ...mystyle,caption={sample test intial code}]
                                                  
A number should have been here; I inserted `0'.
(If you can't figure out why I needed to see a number,
look up `weird error' in the index to The TeXbook.)


Chapters/Methodology.tex:63: Package Listings Error: Strict positive integer expected.

See the Listings package documentation for explanation.
Type  H <return>  for immediate help.
 ...                                              
                                                  
l.63 ...mystyle,caption={sample test intial code}]
                                                  
You can't use `4 keywordstyle' as tabsize. Try typing  <return>  to proceed.
If that doesn't work, type  X <return>  to quit.

Chapters/Methodology.tex:81: Missing = inserted for \ifnum.
<to be read again> 
                   k
l.81 ...e=mystyle,caption={sample test for DHT22}]
                                                  
I was expecting to see `<', `=', or `>'. Didn't.

Chapters/Methodology.tex:81: Missing number, treated as zero.
<to be read again> 
                   k
l.81 ...e=mystyle,caption={sample test for DHT22}]
                                                  
A number should have been here; I inserted `0'.
(If you can't figure out why I needed to see a number,
look up `weird error' in the index to The TeXbook.)


Chapters/Methodology.tex:81: Package Listings Error: Strict positive integer expected.

See the Listings package documentation for explanation.
Type  H <return>  for immediate help.
 ...                                              
                                                  
l.81 ...e=mystyle,caption={sample test for DHT22}]
                                                  
You can't use `4 keywordstyle' as tabsize. Try typing  <return>  to proceed.
If that doesn't work, type  X <return>  to quit.


Package natbib Warning: Citation `ada' on page 29 undefined on input line 98.

[29]
Chapters/Methodology.tex:106: Missing = inserted for \ifnum.
<to be read again> 
                   k
l.106 ...on={unit test for  DFR0026 and  MCP3008}]
                                                  
I was expecting to see `<', `=', or `>'. Didn't.

Chapters/Methodology.tex:106: Missing number, treated as zero.
<to be read again> 
                   k
l.106 ...on={unit test for  DFR0026 and  MCP3008}]
                                                  
A number should have been here; I inserted `0'.
(If you can't figure out why I needed to see a number,
look up `weird error' in the index to The TeXbook.)


Chapters/Methodology.tex:106: Package Listings Error: Strict positive integer expected.

See the Listings package documentation for explanation.
Type  H <return>  for immediate help.
 ...                                              
                                                  
l.106 ...on={unit test for  DFR0026 and  MCP3008}]
                                                  
You can't use `4 keywordstyle' as tabsize. Try typing  <return>  to proceed.
If that doesn't work, type  X <return>  to quit.

Chapters/Methodology.tex:126: Missing $ inserted.
<inserted text> 
                $
l.126 ...import read_as12 function from test file}
                                                  
I've inserted a begin-math/end-math symbol since I think
you left one out. Proceed, with fingers crossed.

Chapters/Methodology.tex:126: Extra }, or forgotten $.
<recently read> \egroup 
                        
l.126 ...import read_as12 function from test file}
                                                  
I've deleted a group-closing symbol because it seems to be
spurious, as in `$x}$'. But perhaps the } is legitimate and
you forgot something else, as in `\hbox{$x}'. In such cases
the way to recover is to insert both the forgotten and the
deleted material, e.g., by typing `I$}'.

Chapters/Methodology.tex:127: Missing $ inserted.
<inserted text> 
                $
l.127 
      
I've inserted a begin-math/end-math symbol since I think
you left one out. Proceed, with fingers crossed.


Package natbib Warning: Citation `Camera' on page 30 undefined on input line 129.


Overfull \hbox (30.58582pt too wide) in paragraph at lines 141--142
[][][][][][][][][][][][] 
 []

Chapters/Methodology.tex:151: Missing = inserted for \ifnum.
<to be read again> 
                   k
l.151 ...tyle,caption={Final draft test template}]
                                                  
I was expecting to see `<', `=', or `>'. Didn't.

Chapters/Methodology.tex:151: Missing number, treated as zero.
<to be read again> 
                   k
l.151 ...tyle,caption={Final draft test template}]
                                                  
A number should have been here; I inserted `0'.
(If you can't figure out why I needed to see a number,
look up `weird error' in the index to The TeXbook.)


Chapters/Methodology.tex:151: Package Listings Error: Strict positive integer expected.

See the Listings package documentation for explanation.
Type  H <return>  for immediate help.
 ...                                              
                                                  
l.151 ...tyle,caption={Final draft test template}]
                                                  
You can't use `4 keywordstyle' as tabsize. Try typing  <return>  to proceed.
If that doesn't work, type  X <return>  to quit.

[30]
LaTeX Font Info:    Font shape `OT1/cmtt/bx/n' in size <10.95> not available
(Font)              Font shape `OT1/cmtt/m/n' tried instead on input line 151.
) [31] [32]
Chapter 4.
[33

]
Chapter 5.
[34

]
Chapter 6.
(main.bbl) [35

]
Appendix A.
[36

]
Appendix B.
[37

]
Appendix C.
[38

]
No file main.ind.

Package natbib Warning: There were undefined citations.

(main.aux)
 ***********
LaTeX2e <2023-11-01>
L3 programming layer <2023-11-09>
 ***********


LaTeX Warning: There were undefined references.


LaTeX Warning: Label(s) may have changed. Rerun to get cross-references right.


Package rerunfilecheck Warning: File `main.out' has changed.
(rerunfilecheck)                Rerun to get outlines right
(rerunfilecheck)                or use package `bookmark'.

Package rerunfilecheck Info: Checksums for `main.out':
(rerunfilecheck)             Before: <no file>
(rerunfilecheck)             After:  20581EE29E03B8E3F7D06F0283A8BE93;6902.
 )
(\end occurred inside a group at level 1)

### simple group (level 1) entered at line 126 ({)
### bottom level 
Here is how much of TeX's memory you used:
 16514 strings out of 474586
 267878 string characters out of 5746153
 2117558 words of memory out of 5000000
 38036 multiletter control sequences out of 15000+600000
 567471 words of font info for 68 fonts, out of 8000000 for 9000
 1141 hyphenation exceptions out of 8191
 79i,11n,93p,616b,2059s stack positions out of 10000i,1000n,20000p,200000b,200000s
 <C:\Users\User\AppData\Local\MiKTeX\fonts/pk/ljfour/jknappen/ec/dpi600\tcrm1095.pk><C:/Users/User/AppData/Local/Programs/MiKTeX/fonts/type1/public/amsfonts/cm/cmbx10.pfb><C:/Users/User/AppData/Local/Programs/MiKTeX/fonts/type1/public/amsfonts/cm/cmbx12.pfb><C:/Users/User/AppData/Local/Programs/MiKTeX/fonts/type1/public/amsfonts/cm/cmmi10.pfb><C:/Users/User/AppData/Local/Programs/MiKTeX/fonts/type1/public/amsfonts/cm/cmmi8.pfb><C:/Users/User/AppData/Local/Programs/MiKTeX/fonts/type1/public/amsfonts/cm/cmr10.pfb><C:/Users/User/AppData/Local/Programs/MiKTeX/fonts/type1/public/amsfonts/cm/cmr6.pfb><C:/Users/User/AppData/Local/Programs/MiKTeX/fonts/type1/public/amsfonts/cm/cmr8.pfb><C:/Users/User/AppData/Local/Programs/MiKTeX/fonts/type1/public/amsfonts/cm/cmsy10.pfb><C:/Users/User/AppData/Local/Programs/MiKTeX/fonts/type1/public/amsfonts/cm/cmtt10.pfb>
Output written on main.pdf (44 pages, 698504 bytes).
PDF statistics:
 749 PDF objects out of 1000 (max. 8388607)
 418 named destinations out of 1000 (max. 500000)
 76 words of extra memory for PDF output out of 10000 (max. 10000000)

